<?xml version="1.0" encoding="UTF-8"?>
<testsuite name="com.team2.songgpt.SonggptApplicationTests" tests="1" skipped="0" failures="0" errors="0" timestamp="2023-05-08T16:12:31" hostname="LAPTOP-3IJANAL4" time="0.295">
  <properties/>
  <testcase name="contextLoads()" classname="com.team2.songgpt.SonggptApplicationTests" time="0.295"/>
  <system-out><![CDATA[01:12:23.506 [Test worker] DEBUG org.springframework.boot.test.context.SpringBootTestContextBootstrapper -- Neither @ContextConfiguration nor @ContextHierarchy found for test class [SonggptApplicationTests]: using SpringBootContextLoader
01:12:23.513 [Test worker] DEBUG org.springframework.test.context.support.AbstractContextLoader -- Could not detect default resource locations for test class [com.team2.songgpt.SonggptApplicationTests]: no resource found for suffixes {-context.xml, Context.groovy}.
01:12:23.514 [Test worker] INFO org.springframework.test.context.support.AnnotationConfigContextLoaderUtils -- Could not detect default configuration classes for test class [com.team2.songgpt.SonggptApplicationTests]: SonggptApplicationTests does not declare any static, non-private, non-final, nested classes annotated with @Configuration.
01:12:23.551 [Test worker] DEBUG org.springframework.boot.test.context.SpringBootTestContextBootstrapper -- Using ContextCustomizers for test class [SonggptApplicationTests]: [DisableObservabilityContextCustomizer, PropertyMappingContextCustomizer, Customizer, ExcludeFilterContextCustomizer, DuplicateJsonObjectContextCustomizer, MockitoContextCustomizer, TestRestTemplateContextCustomizer]
01:12:23.664 [Test worker] DEBUG org.springframework.context.annotation.ClassPathScanningCandidateComponentProvider -- Identified candidate component class: file [C:\Users\sojk4\Desktop\song\songgpt\build\classes\java\main\com\team2\songgpt\SonggptApplication.class]
01:12:23.666 [Test worker] INFO org.springframework.boot.test.context.SpringBootTestContextBootstrapper -- Found @SpringBootConfiguration com.team2.songgpt.SonggptApplication for test class com.team2.songgpt.SonggptApplicationTests
01:12:23.891 [Test worker] DEBUG org.springframework.boot.test.context.SpringBootTestContextBootstrapper -- Using TestExecutionListeners for test class [SonggptApplicationTests]: [ServletTestExecutionListener, DirtiesContextBeforeModesTestExecutionListener, ApplicationEventsTestExecutionListener, MockitoTestExecutionListener, DependencyInjectionTestExecutionListener, DirtiesContextTestExecutionListener, TransactionalTestExecutionListener, SqlScriptsTestExecutionListener, EventPublishingTestExecutionListener, RestDocsTestExecutionListener, MockRestServiceServerResetTestExecutionListener, MockMvcPrintOnlyOnFailureTestExecutionListener, WebDriverTestExecutionListener, MockWebServiceServerTestExecutionListener, ResetMocksTestExecutionListener]
01:12:23.894 [Test worker] DEBUG org.springframework.test.context.support.AbstractDirtiesContextTestExecutionListener -- Before test class: class [SonggptApplicationTests], class annotated with @DirtiesContext [false] with mode [null]

  .   ____          _            __ _ _
 /\\ / ___'_ __ _ _(_)_ __  __ _ \ \ \ \
( ( )\___ | '_ | '_| | '_ \/ _` | \ \ \ \
 \\/  ___)| |_)| | | | | || (_| |  ) ) ) )
  '  |____| .__|_| |_|_| |_\__, | / / / /
 =========|_|==============|___/=/_/_/_/
 :: Spring Boot ::                (v3.0.6)

2023-05-09T01:12:24.510+09:00  WARN 21324 --- [    Test worker] ory$DuplicateJsonObjectContextCustomizer : 

Found multiple occurrences of org.json.JSONObject on the class path:

	jar:file:/C:/Users/sojk4/.gradle/caches/modules-2/files-2.1/org.json/json/20220924/5aa95e7688f76c664af205c5937620f02688dfbc/json-20220924.jar!/org/json/JSONObject.class
	jar:file:/C:/Users/sojk4/.gradle/caches/modules-2/files-2.1/com.vaadin.external.google/android-json/0.0.20131108.vaadin1/fa26d351fe62a6a17f5cda1287c1c6110dec413f/android-json-0.0.20131108.vaadin1.jar!/org/json/JSONObject.class

You may wish to exclude one of them to ensure predictable runtime behavior

2023-05-09T01:12:24.531+09:00  INFO 21324 --- [    Test worker] c.team2.songgpt.SonggptApplicationTests  : Starting SonggptApplicationTests using Java 17.0.5 with PID 21324 (started by sojk4 in C:\Users\sojk4\Desktop\song\songgpt)
2023-05-09T01:12:24.534+09:00  INFO 21324 --- [    Test worker] c.team2.songgpt.SonggptApplicationTests  : The following 2 profiles are active: "API-KEY", "secret"
2023-05-09T01:12:25.795+09:00  INFO 21324 --- [    Test worker] .s.d.r.c.RepositoryConfigurationDelegate : Bootstrapping Spring Data JPA repositories in DEFAULT mode.
2023-05-09T01:12:25.949+09:00  INFO 21324 --- [    Test worker] .s.d.r.c.RepositoryConfigurationDelegate : Finished Spring Data repository scanning in 135 ms. Found 5 JPA repository interfaces.
2023-05-09T01:12:26.834+09:00  INFO 21324 --- [    Test worker] com.zaxxer.hikari.HikariDataSource       : HikariPool-1 - Starting...
2023-05-09T01:12:27.038+09:00  INFO 21324 --- [    Test worker] com.zaxxer.hikari.pool.HikariPool        : HikariPool-1 - Added connection org.mariadb.jdbc.Connection@9e02f84
2023-05-09T01:12:27.042+09:00  INFO 21324 --- [    Test worker] com.zaxxer.hikari.HikariDataSource       : HikariPool-1 - Start completed.
2023-05-09T01:12:27.128+09:00  INFO 21324 --- [    Test worker] o.hibernate.jpa.internal.util.LogHelper  : HHH000204: Processing PersistenceUnitInfo [name: default]
2023-05-09T01:12:27.263+09:00  INFO 21324 --- [    Test worker] org.hibernate.Version                    : HHH000412: Hibernate ORM core version 6.1.7.Final
2023-05-09T01:12:27.907+09:00  INFO 21324 --- [    Test worker] SQL dialect                              : HHH000400: Using dialect: org.hibernate.dialect.MariaDB103Dialect
2023-05-09T01:12:27.910+09:00  WARN 21324 --- [    Test worker] org.hibernate.orm.deprecation            : HHH90000026: MariaDB103Dialect has been deprecated; use org.hibernate.dialect.MariaDBDialect instead
2023-05-09T01:12:29.619+09:00  INFO 21324 --- [    Test worker] o.h.e.t.j.p.i.JtaPlatformInitiator       : HHH000490: Using JtaPlatform implementation: [org.hibernate.engine.transaction.jta.platform.internal.NoJtaPlatform]
2023-05-09T01:12:29.641+09:00  INFO 21324 --- [    Test worker] j.LocalContainerEntityManagerFactoryBean : Initialized JPA EntityManagerFactory for persistence unit 'default'
2023-05-09T01:12:30.548+09:00  WARN 21324 --- [    Test worker] JpaBaseConfiguration$JpaWebConfiguration : spring.jpa.open-in-view is enabled by default. Therefore, database queries may be performed during view rendering. Explicitly configure spring.jpa.open-in-view to disable this warning
2023-05-09T01:12:31.145+09:00  INFO 21324 --- [    Test worker] o.s.s.web.DefaultSecurityFilterChain     : Will secure any request with [org.springframework.security.web.session.DisableEncodeUrlFilter@609edb55, org.springframework.security.web.context.request.async.WebAsyncManagerIntegrationFilter@147892be, org.springframework.security.web.context.SecurityContextHolderFilter@3829306d, org.springframework.security.web.header.HeaderWriterFilter@21abd3a3, org.springframework.web.filter.CorsFilter@13d1653, org.springframework.security.web.authentication.logout.LogoutFilter@e30a8ef, com.team2.songgpt.global.jwt.JwtAuthenticationFilter@41a3c6f5, org.springframework.security.web.savedrequest.RequestCacheAwareFilter@1d1da00b, org.springframework.security.web.servletapi.SecurityContextHolderAwareRequestFilter@2db4a84a, org.springframework.security.web.authentication.AnonymousAuthenticationFilter@3533d790, org.springframework.security.web.session.SessionManagementFilter@53086bdc, org.springframework.security.web.access.ExceptionTranslationFilter@3445ddf2, org.springframework.security.web.access.intercept.AuthorizationFilter@29ebaf2f]
2023-05-09T01:12:31.164+09:00  WARN 21324 --- [    Test worker] o.s.s.c.a.web.builders.WebSecurity       : You are asking Spring Security to ignore org.springframework.boot.autoconfigure.security.servlet.StaticResourceRequest$StaticResourceRequestMatcher@55b78dad. This is not recommended -- please use permitAll via HttpSecurity#authorizeHttpRequests instead.
2023-05-09T01:12:31.164+09:00  INFO 21324 --- [    Test worker] o.s.s.web.DefaultSecurityFilterChain     : Will not secure org.springframework.boot.autoconfigure.security.servlet.StaticResourceRequest$StaticResourceRequestMatcher@55b78dad
2023-05-09T01:12:31.765+09:00  INFO 21324 --- [    Test worker] c.team2.songgpt.SonggptApplicationTests  : Started SonggptApplicationTests in 7.77 seconds (process running for 10.058)
]]></system-out>
  <system-err><![CDATA[]]></system-err>
</testsuite>
